2025/09/13 18:12:45 [warn] 1#1: the "listen ... http2" directive is deprecated, use the "http2" directive instead in /etc/nginx/conf.d/default.conf:30
2025/09/13 18:12:45 [emerg] 1#1: cannot load certificate "/etc/nginx/ssl/fullchain.pem": BIO_new_file() failed (SSL: error:80000002:system library::No such file or directory:calling fopen(/etc/nginx/ssl/fullchain.pem, r) error:10000080:BIO routines::no such file)
2025/09/13 18:12:45 [warn] 1#1: the "listen ... http2" directive is deprecated, use the "http2" directive instead in /etc/nginx/conf.d/default.conf:30
2025/09/13 18:12:45 [emerg] 1#1: cannot load certificate "/etc/nginx/ssl/fullchain.pem": BIO_new_file() failed (SSL: error:80000002:system library::No such file or directory:calling fopen(/etc/nginx/ssl/fullchain.pem, r) error:10000080:BIO routines::no such file)
2025/09/13 18:12:46 [warn] 1#1: the "listen ... http2" directive is deprecated, use the "http2" directive instead in /etc/nginx/conf.d/default.conf:30
2025/09/13 18:12:46 [emerg] 1#1: cannot load certificate "/etc/nginx/ssl/fullchain.pem": BIO_new_file() failed (SSL: error:80000002:system library::No such file or directory:calling fopen(/etc/nginx/ssl/fullchain.pem, r) error:10000080:BIO routines::no such file)
2025/09/13 18:12:47 [warn] 1#1: the "listen ... http2" directive is deprecated, use the "http2" directive instead in /etc/nginx/conf.d/default.conf:30
2025/09/13 18:12:47 [emerg] 1#1: cannot load certificate "/etc/nginx/ssl/fullchain.pem": BIO_new_file() failed (SSL: error:80000002:system library::No such file or directory:calling fopen(/etc/nginx/ssl/fullchain.pem, r) error:10000080:BIO routines::no such file)
2025/09/13 18:12:48 [warn] 1#1: the "listen ... http2" directive is deprecated, use the "http2" directive instead in /etc/nginx/conf.d/default.conf:30
2025/09/13 18:12:48 [emerg] 1#1: cannot load certificate "/etc/nginx/ssl/fullchain.pem": BIO_new_file() failed (SSL: error:80000002:system library::No such file or directory:calling fopen(/etc/nginx/ssl/fullchain.pem, r) error:10000080:BIO routines::no such file)
2025/09/13 18:12:50 [warn] 1#1: the "listen ... http2" directive is deprecated, use the "http2" directive instead in /etc/nginx/conf.d/default.conf:30
2025/09/13 18:12:50 [emerg] 1#1: cannot load certificate "/etc/nginx/ssl/fullchain.pem": BIO_new_file() failed (SSL: error:80000002:system library::No such file or directory:calling fopen(/etc/nginx/ssl/fullchain.pem, r) error:10000080:BIO routines::no such file)
2025/09/13 18:12:53 [warn] 1#1: the "listen ... http2" directive is deprecated, use the "http2" directive instead in /etc/nginx/conf.d/default.conf:30
2025/09/13 18:12:53 [emerg] 1#1: cannot load certificate "/etc/nginx/ssl/fullchain.pem": BIO_new_file() failed (SSL: error:80000002:system library::No such file or directory:calling fopen(/etc/nginx/ssl/fullchain.pem, r) error:10000080:BIO routines::no such file)
2025/09/13 18:13:00 [warn] 1#1: the "listen ... http2" directive is deprecated, use the "http2" directive instead in /etc/nginx/conf.d/default.conf:30
2025/09/13 18:13:00 [emerg] 1#1: cannot load certificate "/etc/nginx/ssl/fullchain.pem": BIO_new_file() failed (SSL: error:80000002:system library::No such file or directory:calling fopen(/etc/nginx/ssl/fullchain.pem, r) error:10000080:BIO routines::no such file)
2025/09/13 18:13:13 [warn] 1#1: the "listen ... http2" directive is deprecated, use the "http2" directive instead in /etc/nginx/conf.d/default.conf:30
2025/09/13 18:13:13 [emerg] 1#1: cannot load certificate "/etc/nginx/ssl/fullchain.pem": BIO_new_file() failed (SSL: error:80000002:system library::No such file or directory:calling fopen(/etc/nginx/ssl/fullchain.pem, r) error:10000080:BIO routines::no such file)
2025/09/13 18:13:39 [warn] 1#1: the "listen ... http2" directive is deprecated, use the "http2" directive instead in /etc/nginx/conf.d/default.conf:30
2025/09/13 18:13:39 [emerg] 1#1: cannot load certificate "/etc/nginx/ssl/fullchain.pem": BIO_new_file() failed (SSL: error:80000002:system library::No such file or directory:calling fopen(/etc/nginx/ssl/fullchain.pem, r) error:10000080:BIO routines::no such file)
2025/09/13 18:14:14 [notice] 1#1: using the "epoll" event method
2025/09/13 18:14:14 [notice] 1#1: nginx/1.29.1
2025/09/13 18:14:14 [notice] 1#1: built by gcc 14.2.0 (Alpine 14.2.0) 
2025/09/13 18:14:14 [notice] 1#1: OS: Linux 6.10.14-linuxkit
2025/09/13 18:14:14 [notice] 1#1: getrlimit(RLIMIT_NOFILE): 1048576:1048576
2025/09/13 18:14:14 [notice] 1#1: start worker processes
2025/09/13 18:14:14 [notice] 1#1: start worker process 21
2025/09/13 18:14:14 [notice] 1#1: start worker process 22
2025/09/13 18:14:14 [notice] 1#1: start worker process 23
2025/09/13 18:14:14 [notice] 1#1: start worker process 24
2025/09/13 18:14:14 [notice] 1#1: start worker process 25
2025/09/13 18:14:14 [notice] 1#1: start worker process 26
2025/09/13 18:14:14 [notice] 1#1: start worker process 27
2025/09/13 18:14:14 [notice] 1#1: start worker process 28
2025/09/13 18:14:35 [notice] 1#1: signal 3 (SIGQUIT) received, shutting down
2025/09/13 18:14:35 [notice] 22#22: gracefully shutting down
2025/09/13 18:14:35 [notice] 23#23: gracefully shutting down
2025/09/13 18:14:35 [notice] 22#22: exiting
2025/09/13 18:14:35 [notice] 21#21: gracefully shutting down
2025/09/13 18:14:35 [notice] 24#24: gracefully shutting down
2025/09/13 18:14:35 [notice] 25#25: gracefully shutting down
2025/09/13 18:14:35 [notice] 26#26: gracefully shutting down
2025/09/13 18:14:35 [notice] 28#28: gracefully shutting down
2025/09/13 18:14:35 [notice] 28#28: exiting
2025/09/13 18:14:35 [notice] 27#27: gracefully shutting down
2025/09/13 18:14:35 [notice] 23#23: exiting
2025/09/13 18:14:35 [notice] 21#21: exiting
2025/09/13 18:14:35 [notice] 24#24: exiting
2025/09/13 18:14:35 [notice] 25#25: exiting
2025/09/13 18:14:35 [notice] 26#26: exiting
2025/09/13 18:14:35 [notice] 23#23: exit
2025/09/13 18:14:35 [notice] 21#21: exit
2025/09/13 18:14:35 [notice] 26#26: exit
2025/09/13 18:14:35 [notice] 24#24: exit
2025/09/13 18:14:35 [notice] 27#27: exiting
2025/09/13 18:14:35 [notice] 25#25: exit
2025/09/13 18:14:35 [notice] 22#22: exit
2025/09/13 18:14:35 [notice] 28#28: exit
2025/09/13 18:14:35 [notice] 27#27: exit
2025/09/13 18:14:35 [notice] 1#1: signal 17 (SIGCHLD) received from 28
2025/09/13 18:14:35 [notice] 1#1: worker process 21 exited with code 0
2025/09/13 18:14:35 [notice] 1#1: worker process 23 exited with code 0
2025/09/13 18:14:35 [notice] 1#1: worker process 24 exited with code 0
2025/09/13 18:14:35 [notice] 1#1: worker process 25 exited with code 0
2025/09/13 18:14:35 [notice] 1#1: worker process 26 exited with code 0
2025/09/13 18:14:35 [notice] 1#1: worker process 27 exited with code 0
2025/09/13 18:14:35 [notice] 1#1: worker process 28 exited with code 0
2025/09/13 18:14:35 [notice] 1#1: signal 29 (SIGIO) received
2025/09/13 18:14:35 [notice] 1#1: signal 17 (SIGCHLD) received from 23
2025/09/13 18:14:35 [notice] 1#1: signal 17 (SIGCHLD) received from 22
2025/09/13 18:14:35 [notice] 1#1: worker process 22 exited with code 0
2025/09/13 18:14:35 [notice] 1#1: exit
2025/09/13 18:14:41 [notice] 1#1: using the "epoll" event method
2025/09/13 18:14:41 [notice] 1#1: nginx/1.29.1
2025/09/13 18:14:41 [notice] 1#1: built by gcc 14.2.0 (Alpine 14.2.0) 
2025/09/13 18:14:41 [notice] 1#1: OS: Linux 6.10.14-linuxkit
2025/09/13 18:14:41 [notice] 1#1: getrlimit(RLIMIT_NOFILE): 1048576:1048576
2025/09/13 18:14:41 [notice] 1#1: start worker processes
2025/09/13 18:14:41 [notice] 1#1: start worker process 21
2025/09/13 18:14:41 [notice] 1#1: start worker process 22
2025/09/13 18:14:41 [notice] 1#1: start worker process 23
2025/09/13 18:14:41 [notice] 1#1: start worker process 24
2025/09/13 18:14:41 [notice] 1#1: start worker process 25
2025/09/13 18:14:41 [notice] 1#1: start worker process 26
2025/09/13 18:14:41 [notice] 1#1: start worker process 27
2025/09/13 18:14:41 [notice] 1#1: start worker process 28
2025/09/13 18:19:41 [notice] 1#1: signal 3 (SIGQUIT) received, shutting down
2025/09/13 18:19:41 [notice] 28#28: gracefully shutting down
2025/09/13 18:19:41 [notice] 25#25: gracefully shutting down
2025/09/13 18:19:41 [notice] 21#21: gracefully shutting down
2025/09/13 18:19:41 [notice] 24#24: gracefully shutting down
2025/09/13 18:19:41 [notice] 23#23: gracefully shutting down
2025/09/13 18:19:41 [notice] 26#26: gracefully shutting down
2025/09/13 18:19:41 [notice] 27#27: gracefully shutting down
2025/09/13 18:19:41 [notice] 26#26: exiting
2025/09/13 18:19:41 [notice] 22#22: gracefully shutting down
2025/09/13 18:19:41 [notice] 28#28: exiting
2025/09/13 18:19:41 [notice] 25#25: exiting
2025/09/13 18:19:41 [notice] 21#21: exiting
2025/09/13 18:19:41 [notice] 24#24: exiting
2025/09/13 18:19:41 [notice] 27#27: exiting
2025/09/13 18:19:41 [notice] 22#22: exiting
2025/09/13 18:19:41 [notice] 23#23: exiting
2025/09/13 18:19:41 [notice] 28#28: exit
2025/09/13 18:19:41 [notice] 27#27: exit
2025/09/13 18:19:41 [notice] 22#22: exit
2025/09/13 18:19:41 [notice] 25#25: exit
2025/09/13 18:19:41 [notice] 24#24: exit
2025/09/13 18:19:41 [notice] 26#26: exit
2025/09/13 18:19:41 [notice] 21#21: exit
2025/09/13 18:19:41 [notice] 23#23: exit
2025/09/13 18:19:41 [notice] 1#1: signal 17 (SIGCHLD) received from 25
2025/09/13 18:19:41 [notice] 1#1: worker process 25 exited with code 0
2025/09/13 18:19:41 [notice] 1#1: signal 29 (SIGIO) received
2025/09/13 18:19:41 [notice] 1#1: signal 17 (SIGCHLD) received from 22
2025/09/13 18:19:41 [notice] 1#1: worker process 21 exited with code 0
2025/09/13 18:19:41 [notice] 1#1: worker process 22 exited with code 0
2025/09/13 18:19:41 [notice] 1#1: worker process 23 exited with code 0
2025/09/13 18:19:41 [notice] 1#1: worker process 24 exited with code 0
2025/09/13 18:19:41 [notice] 1#1: worker process 26 exited with code 0
2025/09/13 18:19:41 [notice] 1#1: worker process 27 exited with code 0
2025/09/13 18:19:41 [notice] 1#1: worker process 28 exited with code 0
2025/09/13 18:19:41 [notice] 1#1: exit
2025/09/13 18:22:26 [notice] 1#1: using the "epoll" event method
2025/09/13 18:22:26 [notice] 1#1: nginx/1.29.1
2025/09/13 18:22:26 [notice] 1#1: built by gcc 14.2.0 (Alpine 14.2.0) 
2025/09/13 18:22:26 [notice] 1#1: OS: Linux 6.10.14-linuxkit
2025/09/13 18:22:26 [notice] 1#1: getrlimit(RLIMIT_NOFILE): 1048576:1048576
2025/09/13 18:22:26 [notice] 1#1: start worker processes
2025/09/13 18:22:26 [notice] 1#1: start worker process 20
2025/09/13 18:22:26 [notice] 1#1: start worker process 21
2025/09/13 18:22:26 [notice] 1#1: start worker process 22
2025/09/13 18:22:26 [notice] 1#1: start worker process 23
2025/09/13 18:22:26 [notice] 1#1: start worker process 24
2025/09/13 18:22:26 [notice] 1#1: start worker process 25
2025/09/13 18:22:26 [notice] 1#1: start worker process 26
2025/09/13 18:22:26 [notice] 1#1: start worker process 27
2025/09/13 18:32:21 [notice] 1#1: signal 3 (SIGQUIT) received, shutting down
2025/09/13 18:32:21 [notice] 20#20: gracefully shutting down
2025/09/13 18:32:21 [notice] 21#21: gracefully shutting down
2025/09/13 18:32:21 [notice] 22#22: gracefully shutting down
2025/09/13 18:32:21 [notice] 20#20: exiting
2025/09/13 18:32:21 [notice] 23#23: gracefully shutting down
2025/09/13 18:32:21 [notice] 22#22: exiting
2025/09/13 18:32:21 [notice] 27#27: gracefully shutting down
2025/09/13 18:32:21 [notice] 24#24: gracefully shutting down
2025/09/13 18:32:21 [notice] 25#25: gracefully shutting down
2025/09/13 18:32:21 [notice] 24#24: exiting
2025/09/13 18:32:21 [notice] 26#26: gracefully shutting down
2025/09/13 18:32:21 [notice] 21#21: exiting
2025/09/13 18:32:21 [notice] 23#23: exiting
2025/09/13 18:32:21 [notice] 20#20: exit
2025/09/13 18:32:21 [notice] 25#25: exiting
2025/09/13 18:32:21 [notice] 27#27: exiting
2025/09/13 18:32:21 [notice] 22#22: exit
2025/09/13 18:32:21 [notice] 26#26: exiting
2025/09/13 18:32:21 [notice] 21#21: exit
2025/09/13 18:32:21 [notice] 23#23: exit
2025/09/13 18:32:21 [notice] 24#24: exit
2025/09/13 18:32:21 [notice] 25#25: exit
2025/09/13 18:32:21 [notice] 27#27: exit
2025/09/13 18:32:21 [notice] 26#26: exit
2025/09/13 18:32:21 [notice] 1#1: signal 17 (SIGCHLD) received from 23
2025/09/13 18:32:21 [notice] 1#1: worker process 20 exited with code 0
2025/09/13 18:32:21 [notice] 1#1: worker process 21 exited with code 0
2025/09/13 18:32:21 [notice] 1#1: worker process 22 exited with code 0
2025/09/13 18:32:21 [notice] 1#1: worker process 23 exited with code 0
2025/09/13 18:32:21 [notice] 1#1: worker process 25 exited with code 0
2025/09/13 18:32:21 [notice] 1#1: signal 29 (SIGIO) received
2025/09/13 18:32:21 [notice] 1#1: signal 17 (SIGCHLD) received from 21
2025/09/13 18:32:21 [notice] 1#1: signal 17 (SIGCHLD) received from 27
2025/09/13 18:32:21 [notice] 1#1: worker process 27 exited with code 0
2025/09/13 18:32:21 [notice] 1#1: signal 29 (SIGIO) received
2025/09/13 18:32:21 [notice] 1#1: signal 17 (SIGCHLD) received from 24
2025/09/13 18:32:21 [notice] 1#1: worker process 24 exited with code 0
2025/09/13 18:32:21 [notice] 1#1: signal 29 (SIGIO) received
2025/09/13 18:32:21 [notice] 1#1: signal 17 (SIGCHLD) received from 26
2025/09/13 18:32:21 [notice] 1#1: worker process 26 exited with code 0
2025/09/13 18:32:21 [notice] 1#1: exit
2025/09/14 07:45:35 [notice] 1#1: using the "epoll" event method
2025/09/14 07:45:35 [notice] 1#1: nginx/1.29.1
2025/09/14 07:45:35 [notice] 1#1: built by gcc 14.2.0 (Alpine 14.2.0) 
2025/09/14 07:45:35 [notice] 1#1: OS: Linux 6.10.14-linuxkit
2025/09/14 07:45:35 [notice] 1#1: getrlimit(RLIMIT_NOFILE): 1048576:1048576
2025/09/14 07:45:35 [notice] 1#1: start worker processes
2025/09/14 07:45:35 [notice] 1#1: start worker process 21
2025/09/14 07:45:35 [notice] 1#1: start worker process 22
2025/09/14 07:45:35 [notice] 1#1: start worker process 23
2025/09/14 07:45:35 [notice] 1#1: start worker process 24
2025/09/14 07:45:35 [notice] 1#1: start worker process 25
2025/09/14 07:45:35 [notice] 1#1: start worker process 26
2025/09/14 07:45:35 [notice] 1#1: start worker process 27
2025/09/14 07:45:35 [notice] 1#1: start worker process 28
2025/09/14 08:23:36 [notice] 1#1: signal 3 (SIGQUIT) received, shutting down
2025/09/14 08:23:36 [notice] 21#21: gracefully shutting down
2025/09/14 08:23:36 [notice] 24#24: gracefully shutting down
2025/09/14 08:23:36 [notice] 22#22: gracefully shutting down
2025/09/14 08:23:36 [notice] 25#25: gracefully shutting down
2025/09/14 08:23:36 [notice] 28#28: gracefully shutting down
2025/09/14 08:23:36 [notice] 21#21: exiting
2025/09/14 08:23:36 [notice] 23#23: gracefully shutting down
2025/09/14 08:23:36 [notice] 27#27: gracefully shutting down
2025/09/14 08:23:36 [notice] 26#26: gracefully shutting down
2025/09/14 08:23:36 [notice] 25#25: exiting
2025/09/14 08:23:36 [notice] 27#27: exiting
2025/09/14 08:23:36 [notice] 23#23: exiting
2025/09/14 08:23:36 [notice] 28#28: exiting
2025/09/14 08:23:36 [notice] 24#24: exiting
2025/09/14 08:23:36 [notice] 22#22: exiting
2025/09/14 08:23:36 [notice] 26#26: exiting
2025/09/14 08:23:36 [notice] 27#27: exit
2025/09/14 08:23:36 [notice] 24#24: exit
2025/09/14 08:23:36 [notice] 25#25: exit
2025/09/14 08:23:36 [notice] 23#23: exit
2025/09/14 08:23:36 [notice] 26#26: exit
2025/09/14 08:23:36 [notice] 28#28: exit
2025/09/14 08:23:36 [notice] 22#22: exit
2025/09/14 08:23:36 [notice] 21#21: exit
2025/09/14 08:23:36 [notice] 1#1: signal 17 (SIGCHLD) received from 21
2025/09/14 08:23:36 [notice] 1#1: worker process 21 exited with code 0
2025/09/14 08:23:36 [notice] 1#1: worker process 22 exited with code 0
2025/09/14 08:23:36 [notice] 1#1: worker process 25 exited with code 0
2025/09/14 08:23:36 [notice] 1#1: worker process 26 exited with code 0
2025/09/14 08:23:36 [notice] 1#1: signal 29 (SIGIO) received
2025/09/14 08:23:36 [notice] 1#1: signal 17 (SIGCHLD) received from 22
2025/09/14 08:23:36 [notice] 1#1: signal 17 (SIGCHLD) received from 23
2025/09/14 08:23:36 [notice] 1#1: worker process 23 exited with code 0
2025/09/14 08:23:36 [notice] 1#1: signal 17 (SIGCHLD) received from 27
2025/09/14 08:23:36 [notice] 1#1: worker process 24 exited with code 0
2025/09/14 08:23:36 [notice] 1#1: worker process 27 exited with code 0
2025/09/14 08:23:36 [notice] 1#1: worker process 28 exited with code 0
2025/09/14 08:23:36 [notice] 1#1: exit
2025/09/14 08:23:39 [notice] 1#1: using the "epoll" event method
2025/09/14 08:23:39 [notice] 1#1: nginx/1.29.1
2025/09/14 08:23:39 [notice] 1#1: built by gcc 14.2.0 (Alpine 14.2.0) 
2025/09/14 08:23:39 [notice] 1#1: OS: Linux 6.10.14-linuxkit
2025/09/14 08:23:39 [notice] 1#1: getrlimit(RLIMIT_NOFILE): 1048576:1048576
2025/09/14 08:23:39 [notice] 1#1: start worker processes
2025/09/14 08:23:39 [notice] 1#1: start worker process 21
2025/09/14 08:23:39 [notice] 1#1: start worker process 22
2025/09/14 08:23:39 [notice] 1#1: start worker process 23
2025/09/14 08:23:39 [notice] 1#1: start worker process 24
2025/09/14 08:23:39 [notice] 1#1: start worker process 25
2025/09/14 08:23:39 [notice] 1#1: start worker process 26
2025/09/14 08:23:39 [notice] 1#1: start worker process 27
2025/09/14 08:23:39 [notice] 1#1: start worker process 28
2025/09/14 09:28:40 [notice] 1#1: signal 3 (SIGQUIT) received, shutting down
2025/09/14 09:28:40 [notice] 21#21: gracefully shutting down
2025/09/14 09:28:40 [notice] 25#25: gracefully shutting down
2025/09/14 09:28:40 [notice] 24#24: gracefully shutting down
2025/09/14 09:28:40 [notice] 23#23: gracefully shutting down
2025/09/14 09:28:40 [notice] 22#22: gracefully shutting down
2025/09/14 09:28:40 [notice] 27#27: gracefully shutting down
2025/09/14 09:28:40 [notice] 28#28: gracefully shutting down
2025/09/14 09:28:40 [notice] 26#26: gracefully shutting down
2025/09/14 09:28:40 [notice] 25#25: exiting
2025/09/14 09:28:40 [notice] 21#21: exiting
2025/09/14 09:28:40 [notice] 27#27: exiting
2025/09/14 09:28:40 [notice] 24#24: exiting
2025/09/14 09:28:40 [notice] 22#22: exiting
2025/09/14 09:28:40 [notice] 26#26: exiting
2025/09/14 09:28:40 [notice] 23#23: exiting
2025/09/14 09:28:40 [notice] 28#28: exiting
2025/09/14 09:28:40 [notice] 27#27: exit
2025/09/14 09:28:40 [notice] 28#28: exit
2025/09/14 09:28:40 [notice] 25#25: exit
2025/09/14 09:28:40 [notice] 23#23: exit
2025/09/14 09:28:40 [notice] 24#24: exit
2025/09/14 09:28:40 [notice] 21#21: exit
2025/09/14 09:28:40 [notice] 26#26: exit
2025/09/14 09:28:40 [notice] 22#22: exit
2025/09/14 09:28:40 [notice] 1#1: signal 17 (SIGCHLD) received from 23
2025/09/14 09:28:40 [notice] 1#1: worker process 21 exited with code 0
2025/09/14 09:28:40 [notice] 1#1: worker process 22 exited with code 0
2025/09/14 09:28:40 [notice] 1#1: worker process 23 exited with code 0
2025/09/14 09:28:40 [notice] 1#1: worker process 26 exited with code 0
2025/09/14 09:28:40 [notice] 1#1: worker process 27 exited with code 0
2025/09/14 09:28:40 [notice] 1#1: worker process 28 exited with code 0
2025/09/14 09:28:40 [notice] 1#1: signal 29 (SIGIO) received
2025/09/14 09:28:40 [notice] 1#1: signal 17 (SIGCHLD) received from 22
2025/09/14 09:28:40 [notice] 1#1: signal 17 (SIGCHLD) received from 24
2025/09/14 09:28:40 [notice] 1#1: worker process 24 exited with code 0
2025/09/14 09:28:40 [notice] 1#1: signal 29 (SIGIO) received
2025/09/14 09:28:40 [notice] 1#1: signal 17 (SIGCHLD) received from 25
2025/09/14 09:28:40 [notice] 1#1: worker process 25 exited with code 0
2025/09/14 09:28:40 [notice] 1#1: exit
2025/09/14 09:34:20 [notice] 1#1: using the "epoll" event method
2025/09/14 09:34:20 [notice] 1#1: nginx/1.29.1
2025/09/14 09:34:20 [notice] 1#1: built by gcc 14.2.0 (Alpine 14.2.0) 
2025/09/14 09:34:20 [notice] 1#1: OS: Linux 6.10.14-linuxkit
2025/09/14 09:34:20 [notice] 1#1: getrlimit(RLIMIT_NOFILE): 1048576:1048576
2025/09/14 09:34:20 [notice] 1#1: start worker processes
2025/09/14 09:34:20 [notice] 1#1: start worker process 21
2025/09/14 09:34:20 [notice] 1#1: start worker process 22
2025/09/14 09:34:20 [notice] 1#1: start worker process 23
2025/09/14 09:34:20 [notice] 1#1: start worker process 24
2025/09/14 09:34:20 [notice] 1#1: start worker process 25
2025/09/14 09:34:20 [notice] 1#1: start worker process 26
2025/09/14 09:34:20 [notice] 1#1: start worker process 27
2025/09/14 09:34:20 [notice] 1#1: start worker process 28
2025/09/14 09:38:09 [notice] 1#1: signal 3 (SIGQUIT) received, shutting down
2025/09/14 09:38:09 [notice] 25#25: gracefully shutting down
2025/09/14 09:38:09 [notice] 22#22: gracefully shutting down
2025/09/14 09:38:09 [notice] 21#21: gracefully shutting down
2025/09/14 09:38:09 [notice] 23#23: gracefully shutting down
2025/09/14 09:38:09 [notice] 27#27: gracefully shutting down
2025/09/14 09:38:09 [notice] 26#26: gracefully shutting down
2025/09/14 09:38:09 [notice] 27#27: exiting
2025/09/14 09:38:09 [notice] 26#26: exiting
2025/09/14 09:38:09 [notice] 22#22: exiting
2025/09/14 09:38:09 [notice] 25#25: exiting
2025/09/14 09:38:09 [notice] 24#24: gracefully shutting down
2025/09/14 09:38:09 [notice] 28#28: gracefully shutting down
2025/09/14 09:38:09 [notice] 21#21: exiting
2025/09/14 09:38:09 [notice] 23#23: exiting
2025/09/14 09:38:09 [notice] 24#24: exiting
2025/09/14 09:38:09 [notice] 28#28: exiting
2025/09/14 09:38:09 [notice] 21#21: exit
2025/09/14 09:38:09 [notice] 25#25: exit
2025/09/14 09:38:09 [notice] 24#24: exit
2025/09/14 09:38:09 [notice] 27#27: exit
2025/09/14 09:38:09 [notice] 23#23: exit
2025/09/14 09:38:09 [notice] 26#26: exit
2025/09/14 09:38:09 [notice] 22#22: exit
2025/09/14 09:38:09 [notice] 28#28: exit
2025/09/14 09:38:09 [notice] 1#1: signal 17 (SIGCHLD) received from 22
2025/09/14 09:38:09 [notice] 1#1: worker process 21 exited with code 0
2025/09/14 09:38:09 [notice] 1#1: worker process 22 exited with code 0
2025/09/14 09:38:09 [notice] 1#1: worker process 23 exited with code 0
2025/09/14 09:38:09 [notice] 1#1: worker process 24 exited with code 0
2025/09/14 09:38:09 [notice] 1#1: worker process 28 exited with code 0
2025/09/14 09:38:09 [notice] 1#1: signal 29 (SIGIO) received
2025/09/14 09:38:09 [notice] 1#1: signal 17 (SIGCHLD) received from 24
2025/09/14 09:38:09 [notice] 1#1: signal 17 (SIGCHLD) received from 27
2025/09/14 09:38:09 [notice] 1#1: worker process 26 exited with code 0
2025/09/14 09:38:09 [notice] 1#1: worker process 25 exited with code 0
2025/09/14 09:38:09 [notice] 1#1: worker process 27 exited with code 0
2025/09/14 09:38:09 [notice] 1#1: exit
2025/09/14 09:38:11 [notice] 1#1: using the "epoll" event method
2025/09/14 09:38:11 [notice] 1#1: nginx/1.29.1
2025/09/14 09:38:11 [notice] 1#1: built by gcc 14.2.0 (Alpine 14.2.0) 
2025/09/14 09:38:11 [notice] 1#1: OS: Linux 6.10.14-linuxkit
2025/09/14 09:38:11 [notice] 1#1: getrlimit(RLIMIT_NOFILE): 1048576:1048576
2025/09/14 09:38:11 [notice] 1#1: start worker processes
2025/09/14 09:38:11 [notice] 1#1: start worker process 21
2025/09/14 09:38:11 [notice] 1#1: start worker process 22
2025/09/14 09:38:11 [notice] 1#1: start worker process 23
2025/09/14 09:38:11 [notice] 1#1: start worker process 24
2025/09/14 09:38:11 [notice] 1#1: start worker process 25
2025/09/14 09:38:11 [notice] 1#1: start worker process 26
2025/09/14 09:38:11 [notice] 1#1: start worker process 27
2025/09/14 09:38:11 [notice] 1#1: start worker process 28
2025/09/14 09:41:59 [notice] 1#1: signal 3 (SIGQUIT) received, shutting down
2025/09/14 09:41:59 [notice] 23#23: gracefully shutting down
2025/09/14 09:41:59 [notice] 21#21: gracefully shutting down
2025/09/14 09:41:59 [notice] 24#24: gracefully shutting down
2025/09/14 09:41:59 [notice] 25#25: gracefully shutting down
2025/09/14 09:41:59 [notice] 22#22: gracefully shutting down
2025/09/14 09:41:59 [notice] 27#27: gracefully shutting down
2025/09/14 09:41:59 [notice] 26#26: gracefully shutting down
2025/09/14 09:41:59 [notice] 28#28: gracefully shutting down
2025/09/14 09:41:59 [notice] 26#26: exiting
2025/09/14 09:41:59 [notice] 24#24: exiting
2025/09/14 09:41:59 [notice] 23#23: exiting
2025/09/14 09:41:59 [notice] 25#25: exiting
2025/09/14 09:41:59 [notice] 22#22: exiting
2025/09/14 09:41:59 [notice] 27#27: exiting
2025/09/14 09:41:59 [notice] 28#28: exiting
2025/09/14 09:41:59 [notice] 21#21: exiting
2025/09/14 09:41:59 [notice] 28#28: exit
2025/09/14 09:41:59 [notice] 22#22: exit
2025/09/14 09:41:59 [notice] 25#25: exit
2025/09/14 09:41:59 [notice] 27#27: exit
2025/09/14 09:41:59 [notice] 23#23: exit
2025/09/14 09:41:59 [notice] 21#21: exit
2025/09/14 09:41:59 [notice] 24#24: exit
2025/09/14 09:41:59 [notice] 26#26: exit
2025/09/14 09:41:59 [notice] 1#1: signal 17 (SIGCHLD) received from 28
2025/09/14 09:41:59 [notice] 1#1: worker process 28 exited with code 0
2025/09/14 09:41:59 [notice] 1#1: signal 29 (SIGIO) received
2025/09/14 09:41:59 [notice] 1#1: signal 17 (SIGCHLD) received from 23
2025/09/14 09:41:59 [notice] 1#1: worker process 23 exited with code 0
2025/09/14 09:41:59 [notice] 1#1: worker process 25 exited with code 0
2025/09/14 09:41:59 [notice] 1#1: worker process 27 exited with code 0
2025/09/14 09:41:59 [notice] 1#1: signal 29 (SIGIO) received
2025/09/14 09:41:59 [notice] 1#1: signal 17 (SIGCHLD) received from 27
2025/09/14 09:41:59 [notice] 1#1: signal 17 (SIGCHLD) received from 22
2025/09/14 09:41:59 [notice] 1#1: worker process 22 exited with code 0
2025/09/14 09:41:59 [notice] 1#1: worker process 21 exited with code 0
2025/09/14 09:41:59 [notice] 1#1: signal 29 (SIGIO) received
2025/09/14 09:41:59 [notice] 1#1: signal 17 (SIGCHLD) received from 21
2025/09/14 09:41:59 [notice] 1#1: signal 17 (SIGCHLD) received from 24
2025/09/14 09:41:59 [notice] 1#1: worker process 24 exited with code 0
2025/09/14 09:41:59 [notice] 1#1: signal 29 (SIGIO) received
2025/09/14 09:41:59 [notice] 1#1: signal 17 (SIGCHLD) received from 26
2025/09/14 09:41:59 [notice] 1#1: worker process 26 exited with code 0
2025/09/14 09:41:59 [notice] 1#1: exit
2025/09/14 09:42:05 [notice] 1#1: using the "epoll" event method
2025/09/14 09:42:05 [notice] 1#1: nginx/1.29.1
2025/09/14 09:42:05 [notice] 1#1: built by gcc 14.2.0 (Alpine 14.2.0) 
2025/09/14 09:42:05 [notice] 1#1: OS: Linux 6.10.14-linuxkit
2025/09/14 09:42:05 [notice] 1#1: getrlimit(RLIMIT_NOFILE): 1048576:1048576
2025/09/14 09:42:05 [notice] 1#1: start worker processes
2025/09/14 09:42:05 [notice] 1#1: start worker process 21
2025/09/14 09:42:05 [notice] 1#1: start worker process 22
2025/09/14 09:42:05 [notice] 1#1: start worker process 23
2025/09/14 09:42:05 [notice] 1#1: start worker process 24
2025/09/14 09:42:05 [notice] 1#1: start worker process 25
2025/09/14 09:42:05 [notice] 1#1: start worker process 26
2025/09/14 09:42:05 [notice] 1#1: start worker process 27
2025/09/14 09:42:05 [notice] 1#1: start worker process 28
